生成启动时间为 2015/11/16 14:53:55。
     1>项目“C:\Users\Administrator.FKNEK51VATAUPFJ\Documents\GitHub\201311057831014\20131105783+1022\20131105783+1022\20131105783+1022.vcxproj”在节点 2 上(build 个目标)。
     1>PrepareForBuild:
         正在创建目录“C:\Users\Administrator.FKNEK51VATAUPFJ\Documents\GitHub\201311057831014\20131105783+1022\Debug\”。
       InitializeBuildStatus:
         正在创建“Debug\20131105783+1022.unsuccessfulbuild”，因为已指定“AlwaysCreate”。
       ClCompile:
         E:\Baofeng\VC\bin\CL.exe /c /ZI /nologo /W3 /WX- /Od /Oy- /D WIN32 /D _DEBUG /D _CONSOLE /D _UNICODE /D UNICODE /Gm /EHsc /RTC1 /MDd /GS /fp:precise /Zc:wchar_t /Zc:forScope /Yc"StdAfx.h" /Fp"Debug\20131105783+1022.pch" /Fo"Debug\\" /Fd"Debug\vc100.pdb" /Gd /TP /analyze- /errorReport:prompt stdafx.cpp
         stdafx.cpp
         E:\Baofeng\VC\bin\CL.exe /c /ZI /nologo /W3 /WX- /Od /Oy- /D WIN32 /D _DEBUG /D _CONSOLE /D _UNICODE /D UNICODE /Gm /EHsc /RTC1 /MDd /GS /fp:precise /Zc:wchar_t /Zc:forScope /Yu"StdAfx.h" /Fp"Debug\20131105783+1022.pch" /Fo"Debug\\" /Fd"Debug\vc100.pdb" /Gd /TP /analyze- /errorReport:prompt 20131105783+1022.cpp biyunsuan.cpp
         biyunsuan.cpp
     1>c:\users\administrator.fknek51vataupfj\documents\github\201311057831014\20131105783+1022\20131105783+1022\biyunsuan.cpp(1): warning C4627: “#include <opencv2/opencv.hpp>”: 在查找预编译头使用时跳过
                 将指令添加到“StdAfx.h”或重新生成预编译头
         20131105783+1022.cpp
         正在生成代码...
       ManifestResourceCompile:
         C:\Program Files (x86)\Microsoft SDKs\Windows\v7.0A\bin\rc.exe /nologo /fo"Debug\20131105783+1022.exe.embed.manifest.res" Debug\20131105783+1022_manifest.rc 
       Link:
         E:\Baofeng\VC\bin\link.exe /ERRORREPORT:PROMPT /OUT:"C:\Users\Administrator.FKNEK51VATAUPFJ\Documents\GitHub\201311057831014\20131105783+1022\Debug\20131105783+1022.exe" /INCREMENTAL /NOLOGO opencv_ml2410d.lib opencv_calib3d2410.lib opencv_contrib2410d.lib opencv_core2410d.lib opencv_features2d2410d.lib opencv_flann2410d.lib opencv_gpu2410d.lib opencv_highgui2410d.lib opencv_imgproc2410d.lib opencv_legacy2410d.lib opencv_objdetect2410d.lib opencv_ts2410d.lib opencv_video2410d.lib opencv_nonfree2410d.lib opencv_ocl2410d.lib opencv_photo2410d.lib opencv_stitching2410d.lib opencv_superres2410d.lib opencv_videostab2410d.lib opencv_objdetect2410.lib opencv_ts2410.lib opencv_video2410.lib opencv_nonfree2410.lib opencv_ocl2410.lib opencv_photo2410.lib opencv_stitching2410.lib opencv_superres2410.lib opencv_videostab2410.lib opencv_ml2410.lib opencv_contrib2410.lib opencv_core2410.lib opencv_features2d2410.lib opencv_flann2410.lib opencv_gpu2410.lib opencv_highgui2410.lib opencv_imgproc2410.lib opencv_legacy2410.lib kernel32.lib user32.lib gdi32.lib winspool.lib comdlg32.lib advapi32.lib shell32.lib ole32.lib oleaut32.lib uuid.lib odbc32.lib odbccp32.lib /MANIFEST /ManifestFile:"Debug\20131105783+1022.exe.intermediate.manifest" /MANIFESTUAC:"level='asInvoker' uiAccess='false'" /DEBUG /PDB:"C:\Users\Administrator.FKNEK51VATAUPFJ\Documents\GitHub\201311057831014\20131105783+1022\Debug\20131105783+1022.pdb" /SUBSYSTEM:CONSOLE /TLBID:1 /DYNAMICBASE /NXCOMPAT /IMPLIB:"C:\Users\Administrator.FKNEK51VATAUPFJ\Documents\GitHub\201311057831014\20131105783+1022\Debug\20131105783+1022.lib" /MACHINE:X86 Debug\20131105783+1022.exe.embed.manifest.res
         Debug\20131105783+1022.obj
         Debug\biyunsuan.obj
         Debug\stdafx.obj
     1>LINK : warning LNK4067: 不明确的入口点；选定“mainCRTStartup”
     1>LINK : fatal error LNK1123: 转换到 COFF 期间失败: 文件无效或损坏
     1>已完成生成项目“C:\Users\Administrator.FKNEK51VATAUPFJ\Documents\GitHub\201311057831014\20131105783+1022\20131105783+1022\20131105783+1022.vcxproj”(build 个目标)的操作 - 失败。

生成失败。

已用时间 00:00:12.08
