生成启动时间为 2015/12/2 10:36:13。
     1>项目“E:\20131105783于丹丹\人脸检测\人脸检测\人脸检测.vcxproj”在节点 2 上(build 个目标)。
     1>InitializeBuildStatus:
         正在对“Debug\人脸检测.unsuccessfulbuild”执行 Touch 任务。
       ClCompile:
         所有输出均为最新。
         E:\Baofeng\VC\bin\CL.exe /c /ZI /nologo /W3 /WX- /Od /Oy- /D WIN32 /D _DEBUG /D _CONSOLE /D _UNICODE /D UNICODE /Gm /EHsc /RTC1 /MDd /GS /fp:precise /Zc:wchar_t /Zc:forScope /Yu"StdAfx.h" /Fp"Debug\人脸检测.pch" /Fo"Debug\\" /Fd"Debug\vc100.pdb" /Gd /TP /analyze- /errorReport:prompt jc.cpp
         jc.cpp
     1>d:\opencv2.2\include\opencv2\flann\logger.h(66): warning C4996: 'fopen': This function or variable may be unsafe. Consider using fopen_s instead. To disable deprecation, use _CRT_SECURE_NO_WARNINGS. See online help for details.
                 e:\baofeng\vc\include\stdio.h(234) : 参见“fopen”的声明
     1>e:\20131105783于丹丹\人脸检测\人脸检测\jc.cpp(26): warning C4101: “input_name”: 未引用的局部变量
     1>e:\20131105783于丹丹\人脸检测\人脸检测\jc.cpp(25): warning C4101: “frame”: 未引用的局部变量
     1>e:\20131105783于丹丹\人脸检测\人脸检测\jc.cpp(78): warning C4244: “=”: 从“double”转换到“int”，可能丢失数据
     1>e:\20131105783于丹丹\人脸检测\人脸检测\jc.cpp(79): warning C4244: “=”: 从“double”转换到“int”，可能丢失数据
     1>e:\20131105783于丹丹\人脸检测\人脸检测\jc.cpp(80): warning C4244: “=”: 从“double”转换到“int”，可能丢失数据
     1>e:\20131105783于丹丹\人脸检测\人脸检测\jc.cpp(81): warning C4244: “=”: 从“double”转换到“int”，可能丢失数据
       Link:
         E:\Baofeng\VC\bin\link.exe /ERRORREPORT:PROMPT /OUT:"E:\20131105783于丹丹\人脸检测\Debug\人脸检测.exe" /INCREMENTAL /NOLOGO /ALLOWBIND:NO D:\OpenCV2.2\lib\opencv_core220d.lib D:\OpenCV2.2\lib\opencv_core220.lib D:\OpenCV2.2\lib\opencv_calib3d220d.lib D:\OpenCV2.2\lib\opencv_calib3d220.lib D:\OpenCV2.2\lib\opencv_contrib220d.lib D:\OpenCV2.2\lib\opencv_contrib220.lib D:\OpenCV2.2\lib\opencv_features2d220d.lib D:\OpenCV2.2\lib\opencv_features2d220.lib D:\OpenCV2.2\lib\opencv_ffmpeg220d.lib D:\OpenCV2.2\lib\opencv_ffmpeg220.lib D:\OpenCV2.2\lib\opencv_flann220d.lib D:\OpenCV2.2\lib\opencv_flann220.lib D:\OpenCV2.2\lib\opencv_gpu220d.lib D:\OpenCV2.2\lib\opencv_gpu220.lib D:\OpenCV2.2\lib\opencv_highgui220d.lib D:\OpenCV2.2\lib\opencv_highgui220.lib D:\OpenCV2.2\lib\opencv_imgproc220d.lib D:\OpenCV2.2\lib\opencv_imgproc220.lib D:\OpenCV2.2\lib\opencv_legacy220d.lib D:\OpenCV2.2\lib\opencv_legacy220.lib D:\OpenCV2.2\lib\opencv_ml220d.lib D:\OpenCV2.2\lib\opencv_ml220.lib D:\OpenCV2.2\lib\opencv_objdetect220d.lib D:\OpenCV2.2\lib\opencv_objdetect220.lib D:\OpenCV2.2\lib\opencv_ts220.lib D:\OpenCV2.2\lib\opencv_video220d.lib D:\OpenCV2.2\lib\opencv_video220.lib "D:\OpenCV2.2\Python2.7\lib\site-packages\cv.lib" kernel32.lib user32.lib gdi32.lib winspool.lib comdlg32.lib advapi32.lib shell32.lib ole32.lib oleaut32.lib uuid.lib odbc32.lib odbccp32.lib /MANIFEST /ManifestFile:"Debug\人脸检测.exe.intermediate.manifest" /MANIFESTUAC:"level='asInvoker' uiAccess='false'" /DEBUG /PDB:"E:\20131105783于丹丹\人脸检测\Debug\人脸检测.pdb" /SUBSYSTEM:CONSOLE /TLBID:1 /DYNAMICBASE /NXCOMPAT /IMPLIB:"E:\20131105783于丹丹\人脸检测\Debug\人脸检测.lib" /MACHINE:X86 Debug\jc.obj
         Debug\stdafx.obj
         "Debug\人脸检测.obj"
     1>LINK : warning LNK4067: 不明确的入口点；选定“mainCRTStartup”
         人脸检测.vcxproj -> E:\20131105783于丹丹\人脸检测\Debug\人脸检测.exe
       Manifest:
         C:\Program Files (x86)\Microsoft SDKs\Windows\v7.0A\bin\mt.exe /nologo /verbose /out:"E:\20131105783于丹丹\人脸检测\Debug\人脸检测.exe.manifest" /manifest "Debug\人脸检测.exe.intermediate.manifest"
       FinalizeBuildStatus:
         正在删除文件“Debug\人脸检测.unsuccessfulbuild”。
         正在对“Debug\人脸检测.lastbuildstate”执行 Touch 任务。
     1>已完成生成项目“E:\20131105783于丹丹\人脸检测\人脸检测\人脸检测.vcxproj”(build 个目标)的操作。

生成成功。

已用时间 00:00:09.64
